# JRE version: OpenJDK Runtime Environment (17.0.11) (build 17.0.11+0--11852314)
# Java VM: OpenJDK 64-Bit Server VM (17.0.11+0--11852314, mixed mode, tiered, compressed oops, compressed class ptrs, g1 gc, windows-amd64)
GC Precious Log:
 CPUs: 4 total, 4 available
 Memory: 3838M
 Large Page Support: Disabled
 NUMA Support: Disabled
 Compressed Oops: Enabled (32-bit)
 Heap Region Size: 1M
 Heap Min Capacity: 8M
 Heap Initial Capacity: 60M
 Heap Max Capacity: 2G
 Pre-touch: Disabled
 Parallel Workers: 4
 Concurrent Workers: 1
 Concurrent Refinement Workers: 4
 Periodic GC: Disabled
Heap:
 garbage-first heap   total 367616K, used 169874K [0x0000000080000000, 0x0000000100000000)
  region size 1024K, 65 young (66560K), 8 survivors (8192K)
 Metaspace       used 127713K, committed 128640K, reserved 1179648K
  class space    used 17762K, committed 18176K, reserved 1048576K
GC Heap History (20 events):
Event: 46.251 GC heap before
{Heap before GC invocations=60 (full 0):
 garbage-first heap   total 137216K, used 112163K [0x0000000080000000, 0x0000000100000000)
  region size 1024K, 24 young (24576K), 3 survivors (3072K)
 Metaspace       used 97234K, committed 97920K, reserved 1179648K
  class space    used 13459K, committed 13760K, reserved 1048576K
}
Event: 46.259 GC heap after
{Heap after GC invocations=61 (full 0):
 garbage-first heap   total 137216K, used 94620K [0x0000000080000000, 0x0000000100000000)
  region size 1024K, 3 young (3072K), 3 survivors (3072K)
 Metaspace       used 97234K, committed 97920K, reserved 1179648K
  class space    used 13459K, committed 13760K, reserved 1048576K
}
Event: 47.156 GC heap before
{Heap before GC invocations=61 (full 0):
 garbage-first heap   total 137216K, used 113052K [0x0000000080000000, 0x0000000100000000)
  region size 1024K, 22 young (22528K), 3 survivors (3072K)
 Metaspace       used 100868K, committed 101632K, reserved 1179648K
  class space    used 13955K, committed 14336K, reserved 1048576K
}
Event: 47.171 GC heap after
{Heap after GC invocations=62 (full 0):
 garbage-first heap   total 164864K, used 95699K [0x0000000080000000, 0x0000000100000000)
  region size 1024K, 1 young (1024K), 1 survivors (1024K)
 Metaspace       used 100868K, committed 101632K, reserved 1179648K
  class space    used 13955K, committed 14336K, reserved 1048576K
}
Event: 47.906 GC heap before
{Heap before GC invocations=62 (full 0):
 garbage-first heap   total 164864K, used 98771K [0x0000000080000000, 0x0000000100000000)
  region size 1024K, 6 young (6144K), 1 survivors (1024K)
 Metaspace       used 101866K, committed 102656K, reserved 1179648K
  class space    used 14053K, committed 14464K, reserved 1048576K
}
Event: 47.986 GC heap after
{Heap after GC invocations=63 (full 0):
 garbage-first heap   total 164864K, used 95947K [0x0000000080000000, 0x0000000100000000)
  region size 1024K, 2 young (2048K), 2 survivors (2048K)
 Metaspace       used 101866K, committed 102656K, reserved 1179648K
  class space    used 14053K, committed 14464K, reserved 1048576K
}
Event: 49.319 GC heap before
{Heap before GC invocations=64 (full 0):
 garbage-first heap   total 174080K, used 137931K [0x0000000080000000, 0x0000000100000000)
  region size 1024K, 42 young (43008K), 2 survivors (2048K)
 Metaspace       used 103839K, committed 104640K, reserved 1179648K
  class space    used 14283K, committed 14656K, reserved 1048576K
}
Event: 49.360 GC heap after
{Heap after GC invocations=65 (full 0):
 garbage-first heap   total 174080K, used 107556K [0x0000000080000000, 0x0000000100000000)
  region size 1024K, 6 young (6144K), 6 survivors (6144K)
 Metaspace       used 103839K, committed 104640K, reserved 1179648K
  class space    used 14283K, committed 14656K, reserved 1048576K
}
Event: 49.465 GC heap before
{Heap before GC invocations=65 (full 0):
 garbage-first heap   total 174080K, used 109604K [0x0000000080000000, 0x0000000100000000)
  region size 1024K, 8 young (8192K), 6 survivors (6144K)
 Metaspace       used 104153K, committed 104960K, reserved 1179648K
  class space    used 14325K, committed 14720K, reserved 1048576K
}
Event: 49.487 GC heap after
{Heap after GC invocations=66 (full 0):
 garbage-first heap   total 174080K, used 103971K [0x0000000080000000, 0x0000000100000000)
  region size 1024K, 1 young (1024K), 1 survivors (1024K)
 Metaspace       used 104153K, committed 104960K, reserved 1179648K
  class space    used 14325K, committed 14720K, reserved 1048576K
}
Event: 50.534 GC heap before
{Heap before GC invocations=66 (full 0):
 garbage-first heap   total 174080K, used 138787K [0x0000000080000000, 0x0000000100000000)
  region size 1024K, 36 young (36864K), 1 survivors (1024K)
 Metaspace       used 105613K, committed 106432K, reserved 1179648K
  class space    used 14530K, committed 14912K, reserved 1048576K
}
Event: 50.542 GC heap after
{Heap after GC invocations=67 (full 0):
 garbage-first heap   total 174080K, used 107790K [0x0000000080000000, 0x0000000100000000)
  region size 1024K, 5 young (5120K), 5 survivors (5120K)
 Metaspace       used 105613K, committed 106432K, reserved 1179648K
  class space    used 14530K, committed 14912K, reserved 1048576K
}
Event: 51.070 GC heap before
{Heap before GC invocations=68 (full 0):
 garbage-first heap   total 215040K, used 141582K [0x0000000080000000, 0x0000000100000000)
  region size 1024K, 39 young (39936K), 5 survivors (5120K)
 Metaspace       used 106209K, committed 107008K, reserved 1179648K
  class space    used 14644K, committed 15040K, reserved 1048576K
}
Event: 51.081 GC heap after
{Heap after GC invocations=69 (full 0):
 garbage-first heap   total 215040K, used 109985K [0x0000000080000000, 0x0000000100000000)
  region size 1024K, 4 young (4096K), 4 survivors (4096K)
 Metaspace       used 106209K, committed 107008K, reserved 1179648K
  class space    used 14644K, committed 15040K, reserved 1048576K
}
Event: 51.236 GC heap before
{Heap before GC invocations=69 (full 0):
 garbage-first heap   total 215040K, used 115105K [0x0000000080000000, 0x0000000100000000)
  region size 1024K, 10 young (10240K), 4 survivors (4096K)
 Metaspace       used 106814K, committed 107648K, reserved 1179648K
  class space    used 14727K, committed 15104K, reserved 1048576K
}
Event: 51.247 GC heap after
{Heap after GC invocations=70 (full 0):
 garbage-first heap   total 367616K, used 105038K [0x0000000080000000, 0x0000000100000000)
  region size 1024K, 1 young (1024K), 1 survivors (1024K)
 Metaspace       used 106814K, committed 107648K, reserved 1179648K
  class space    used 14727K, committed 15104K, reserved 1048576K
}
Event: 57.354 GC heap before
{Heap before GC invocations=70 (full 0):
 garbage-first heap   total 367616K, used 296526K [0x0000000080000000, 0x0000000100000000)
  region size 1024K, 179 young (183296K), 1 survivors (1024K)
 Metaspace       used 125930K, committed 126784K, reserved 1179648K
  class space    used 17669K, committed 18048K, reserved 1048576K
}
Event: 57.395 GC heap after
{Heap after GC invocations=71 (full 0):
 garbage-first heap   total 367616K, used 112103K [0x0000000080000000, 0x0000000100000000)
  region size 1024K, 8 young (8192K), 8 survivors (8192K)
 Metaspace       used 125930K, committed 126784K, reserved 1179648K
  class space    used 17669K, committed 18048K, reserved 1048576K
}
Event: 537.978 GC heap before
{Heap before GC invocations=71 (full 0):
 garbage-first heap   total 367616K, used 292327K [0x0000000080000000, 0x0000000100000000)
  region size 1024K, 184 young (188416K), 8 survivors (8192K)
 Metaspace       used 127459K, committed 128384K, reserved 1179648K
  class space    used 17751K, committed 18176K, reserved 1048576K
}
Event: 538.336 GC heap after
{Heap after GC invocations=72 (full 0):
 garbage-first heap   total 367616K, used 112530K [0x0000000080000000, 0x0000000100000000)
  region size 1024K, 8 young (8192K), 8 survivors (8192K)
 Metaspace       used 127459K, committed 128384K, reserved 1179648K
  class space    used 17751K, committed 18176K, reserved 1048576K
}

